[2025-05-28T21:54:51.558Z] [INFO] Bot starting up
[2025-05-28T21:55:02.320Z] [INFO] Bot starting up
[2025-05-28T21:55:12.841Z] [INFO] Bot starting up
[2025-05-28T21:55:23.759Z] [INFO] Bot starting up
[2025-05-28T21:55:34.440Z] [INFO] Bot starting up
[2025-05-28T21:55:44.946Z] [INFO] Bot starting up
[2025-05-28T21:55:55.600Z] [INFO] Bot starting up
[2025-05-28T21:56:06.280Z] [INFO] Bot starting up
[2025-05-28T21:56:16.903Z] [INFO] Bot starting up
[2025-05-28T21:56:27.505Z] [INFO] Bot starting up
[2025-05-28T21:56:38.070Z] [INFO] Bot starting up
[2025-05-28T21:56:48.570Z] [INFO] Bot starting up
[2025-05-28T21:56:51.726Z] [INFO] Bot starting up
[2025-05-28T21:56:58.999Z] [INFO] Bot starting up
[2025-05-28T21:57:02.238Z] [INFO] Bot starting up
[2025-05-28T21:57:09.461Z] [INFO] Bot starting up
[2025-05-28T21:57:12.675Z] [INFO] Bot starting up
[2025-05-28T21:57:19.882Z] [INFO] Bot starting up
[2025-05-28T21:57:23.532Z] [INFO] Bot starting up
[2025-05-28T21:57:30.360Z] [INFO] Bot starting up
[2025-05-28T21:57:34.095Z] [INFO] Bot starting up
[2025-05-28T21:57:40.770Z] [INFO] Bot starting up
[2025-05-28T21:57:44.463Z] [INFO] Bot starting up
[2025-05-28T21:57:51.344Z] [INFO] Bot starting up
[2025-05-28T21:57:54.898Z] [INFO] Bot starting up
[2025-05-28T21:58:01.902Z] [INFO] Bot starting up
[2025-05-28T21:58:05.447Z] [INFO] Bot starting up
[2025-05-28T21:58:12.413Z] [INFO] Bot starting up
[2025-05-28T21:58:15.878Z] [INFO] Bot starting up
[2025-05-28T21:58:22.872Z] [INFO] Bot starting up
[2025-05-28T21:58:26.334Z] [INFO] Bot starting up
[2025-05-28T21:58:33.309Z] [INFO] Bot starting up
[2025-05-28T21:58:36.852Z] [INFO] Bot starting up
[2025-05-28T21:58:43.716Z] [INFO] Bot starting up
[2025-05-28T21:58:47.222Z] [INFO] Bot starting up
[2025-05-28T21:58:51.499Z] [INFO] Bot starting up
[2025-05-28T21:58:54.123Z] [INFO] Bot starting up
[2025-05-28T21:58:57.702Z] [INFO] Bot starting up
[2025-05-28T21:59:02.621Z] [INFO] Bot starting up
[2025-05-28T21:59:04.593Z] [INFO] Bot starting up
[2025-05-28T21:59:08.174Z] [INFO] Bot starting up
[2025-05-28T21:59:13.077Z] [INFO] Bot starting up
[2025-05-28T21:59:14.976Z] [INFO] Bot starting up
[2025-05-28T21:59:18.603Z] [INFO] Bot starting up
[2025-05-28T21:59:23.619Z] [INFO] Bot starting up
[2025-05-28T21:59:25.501Z] [INFO] Bot starting up
[2025-05-28T21:59:29.453Z] [INFO] Bot starting up
[2025-05-28T21:59:34.305Z] [INFO] Bot starting up
[2025-05-28T21:59:35.925Z] [INFO] Bot starting up
[2025-05-28T21:59:39.879Z] [INFO] Bot starting up
[2025-05-28T21:59:44.760Z] [INFO] Bot starting up
[2025-05-28T21:59:46.344Z] [INFO] Bot starting up
[2025-05-28T21:59:51.476Z] [INFO] Bot starting up
[2025-05-28T21:59:55.219Z] [INFO] Bot starting up
[2025-05-28T21:59:56.780Z] [INFO] Bot starting up
[2025-05-28T22:00:04.394Z] [INFO] Bot starting up
[2025-05-28T22:00:06.369Z] [INFO] Bot starting up
[2025-05-28T22:00:07.536Z] [INFO] Bot starting up
[2025-05-28T22:00:14.811Z] [INFO] Bot starting up
[2025-05-28T22:00:16.882Z] [INFO] Bot starting up
[2025-05-28T22:00:18.292Z] [INFO] Bot starting up
[2025-05-28T22:00:25.622Z] [INFO] Bot starting up
[2025-05-28T22:00:27.303Z] [INFO] Bot starting up
[2025-05-28T22:00:29.290Z] [INFO] Bot starting up
[2025-05-28T22:00:36.928Z] [INFO] Bot starting up
[2025-05-28T22:00:39.081Z] [INFO] Bot starting up
[2025-05-28T22:00:40.416Z] [INFO] Bot starting up
[2025-05-28T22:00:47.484Z] [INFO] Bot starting up
[2025-05-28T22:00:50.139Z] [INFO] Bot starting up
[2025-05-28T22:00:51.268Z] [INFO] Bot starting up
[2025-05-28T22:00:51.298Z] [INFO] Bot starting up
[2025-05-28T22:00:58.268Z] [INFO] Bot starting up
[2025-05-28T22:01:01.337Z] [INFO] Bot starting up
[2025-05-28T22:01:02.107Z] [INFO] Bot starting up
[2025-05-28T22:01:02.107Z] [INFO] Bot starting up
[2025-05-28T22:01:08.922Z] [INFO] Bot starting up
[2025-05-28T22:01:11.764Z] [INFO] Bot starting up
[2025-05-28T22:01:12.632Z] [INFO] Bot starting up
[2025-05-28T22:01:12.632Z] [INFO] Bot starting up
[2025-05-28T22:01:19.537Z] [INFO] Bot starting up
[2025-05-28T22:01:22.685Z] [INFO] Bot starting up
[2025-05-28T22:01:23.061Z] [INFO] Bot starting up
[2025-05-28T22:01:23.061Z] [INFO] Bot starting up
[2025-05-28T22:01:29.933Z] [INFO] Bot starting up
[2025-05-28T22:01:33.158Z] [INFO] Bot starting up
[2025-05-28T22:01:33.539Z] [INFO] Bot starting up
[2025-05-28T22:01:33.543Z] [INFO] Bot starting up
[2025-05-28T22:01:40.353Z] [INFO] Bot starting up
[2025-05-28T22:01:43.632Z] [INFO] Bot starting up
[2025-05-28T22:01:44.021Z] [INFO] Bot starting up
[2025-05-28T22:01:44.021Z] [INFO] Bot starting up
[2025-05-28T22:01:51.301Z] [INFO] Bot starting up
[2025-05-28T22:01:54.031Z] [INFO] Bot starting up
[2025-05-28T22:01:54.506Z] [INFO] Bot starting up
[2025-05-28T22:01:54.508Z] [INFO] Bot starting up
[2025-05-28T22:02:01.846Z] [INFO] Bot starting up
[2025-05-28T22:02:04.473Z] [INFO] Bot starting up
[2025-05-28T22:02:04.908Z] [INFO] Bot starting up
[2025-05-28T22:02:04.909Z] [INFO] Bot starting up
[2025-05-28T22:02:12.342Z] [INFO] Bot starting up
[2025-05-28T22:02:14.917Z] [INFO] Bot starting up
[2025-05-28T22:02:15.347Z] [INFO] Bot starting up
[2025-05-28T22:02:15.347Z] [INFO] Bot starting up
[2025-05-28T22:02:22.862Z] [INFO] Bot starting up
[2025-05-28T22:02:25.383Z] [INFO] Bot starting up
[2025-05-28T22:02:25.850Z] [INFO] Bot starting up
[2025-05-28T22:02:25.851Z] [INFO] Bot starting up
[2025-05-28T22:02:33.777Z] [INFO] Bot starting up
[2025-05-28T22:02:35.840Z] [INFO] Bot starting up
[2025-05-28T22:02:36.616Z] [INFO] Bot starting up
[2025-05-28T22:02:36.617Z] [INFO] Bot starting up
[2025-05-28T22:02:44.457Z] [INFO] Bot starting up
[2025-05-28T22:02:46.240Z] [INFO] Bot starting up
[2025-05-28T22:02:47.321Z] [INFO] Bot starting up
[2025-05-28T22:02:47.321Z] [INFO] Bot starting up
[2025-05-28T22:02:51.501Z] [INFO] Bot starting up
[2025-05-28T22:02:54.987Z] [INFO] Bot starting up
[2025-05-28T22:02:56.882Z] [INFO] Bot starting up
[2025-05-28T22:02:58.113Z] [INFO] Bot starting up
[2025-05-28T22:02:58.114Z] [INFO] Bot starting up
[2025-05-28T22:03:02.881Z] [INFO] Bot starting up
[2025-05-28T22:03:07.061Z] [INFO] Bot starting up
[2025-05-28T22:03:07.775Z] [INFO] Bot starting up
[2025-05-28T22:03:08.882Z] [INFO] Bot starting up
[2025-05-28T22:03:08.882Z] [INFO] Bot starting up
[2025-05-28T22:03:13.363Z] [INFO] Bot starting up
[2025-05-28T22:03:17.517Z] [INFO] Bot starting up
[2025-05-28T22:03:18.304Z] [INFO] Bot starting up
[2025-05-28T22:03:19.341Z] [INFO] Bot starting up
[2025-05-28T22:03:19.341Z] [INFO] Bot starting up
[2025-05-28T22:03:23.879Z] [INFO] Bot starting up
[2025-05-28T22:03:28.305Z] [INFO] Bot starting up
[2025-05-28T22:03:28.991Z] [INFO] Bot starting up
[2025-05-28T22:03:29.962Z] [INFO] Bot starting up
[2025-05-28T22:03:29.962Z] [INFO] Bot starting up
[2025-05-28T22:03:34.586Z] [INFO] Bot starting up
[2025-05-28T22:03:38.832Z] [INFO] Bot starting up
[2025-05-28T22:03:39.407Z] [INFO] Bot starting up
[2025-05-28T22:03:40.340Z] [INFO] Bot starting up
[2025-05-28T22:03:40.340Z] [INFO] Bot starting up
[2025-05-28T22:03:45.009Z] [INFO] Bot starting up
[2025-05-28T22:03:49.243Z] [INFO] Bot starting up
[2025-05-28T22:03:49.803Z] [INFO] Bot starting up
[2025-05-28T22:03:50.860Z] [INFO] Bot starting up
[2025-05-28T22:03:50.860Z] [INFO] Bot starting up
[2025-05-28T22:03:55.473Z] [INFO] Bot starting up
[2025-05-28T22:03:59.663Z] [INFO] Bot starting up
[2025-05-28T22:04:00.499Z] [INFO] Bot starting up
[2025-05-28T22:04:01.485Z] [INFO] Bot starting up
[2025-05-28T22:04:01.487Z] [INFO] Bot starting up
[2025-05-28T22:04:05.981Z] [INFO] Bot starting up
[2025-05-28T22:04:10.074Z] [INFO] Bot starting up
[2025-05-28T22:04:10.905Z] [INFO] Bot starting up
[2025-05-28T22:04:11.957Z] [INFO] Bot starting up
[2025-05-28T22:04:11.957Z] [INFO] Bot starting up
[2025-05-28T22:04:16.449Z] [INFO] Bot starting up
[2025-05-28T22:04:20.896Z] [INFO] Bot starting up
[2025-05-28T22:04:21.570Z] [INFO] Bot starting up
[2025-05-28T22:04:22.455Z] [INFO] Bot starting up
[2025-05-28T22:04:22.455Z] [INFO] Bot starting up
[2025-05-28T22:04:26.958Z] [INFO] Bot starting up
[2025-05-28T22:04:31.452Z] [INFO] Bot starting up
[2025-05-28T22:04:32.000Z] [INFO] Bot starting up
[2025-05-28T22:04:32.960Z] [INFO] Bot starting up
[2025-05-28T22:04:32.961Z] [INFO] Bot starting up
[2025-05-28T22:04:37.391Z] [INFO] Bot starting up
[2025-05-28T22:04:41.909Z] [INFO] Bot starting up
[2025-05-28T22:04:42.414Z] [INFO] Bot starting up
[2025-05-28T22:04:43.396Z] [INFO] Bot starting up
[2025-05-28T22:04:43.396Z] [INFO] Bot starting up
[2025-05-28T22:04:47.874Z] [INFO] Bot starting up
[2025-05-28T22:04:52.461Z] [INFO] Bot starting up
[2025-05-28T22:04:52.861Z] [INFO] Bot starting up
[2025-05-28T22:04:54.188Z] [INFO] Bot starting up
[2025-05-28T22:04:54.188Z] [INFO] Bot starting up
[2025-05-28T22:04:58.407Z] [INFO] Bot starting up
[2025-05-28T22:05:02.982Z] [INFO] Bot starting up
[2025-05-28T22:05:03.261Z] [INFO] Bot starting up
[2025-05-28T22:05:04.654Z] [INFO] Bot starting up
[2025-05-28T22:05:04.654Z] [INFO] Bot starting up
[2025-05-28T22:05:08.935Z] [INFO] Bot starting up
[2025-05-28T22:05:13.425Z] [INFO] Bot starting up
[2025-05-28T22:05:13.714Z] [INFO] Bot starting up
[2025-05-28T22:05:15.147Z] [INFO] Bot starting up
[2025-05-28T22:05:15.147Z] [INFO] Bot starting up
[2025-05-28T22:05:19.356Z] [INFO] Bot starting up
[2025-05-28T22:05:23.939Z] [INFO] Bot starting up
[2025-05-28T22:05:23.985Z] [INFO] Bot starting up
[2025-05-28T22:05:25.667Z] [INFO] Bot starting up
[2025-05-28T22:05:25.671Z] [INFO] Bot starting up
[2025-05-28T22:05:29.793Z] [INFO] Bot starting up
[2025-05-28T22:05:34.389Z] [INFO] Bot starting up
[2025-05-28T22:05:34.389Z] [INFO] Bot starting up
[2025-05-28T22:05:36.189Z] [INFO] Bot starting up
[2025-05-28T22:05:36.191Z] [INFO] Bot starting up
[2025-05-28T22:05:40.225Z] [INFO] Bot starting up
[2025-05-28T22:05:44.882Z] [INFO] Bot starting up
[2025-05-28T22:05:44.882Z] [INFO] Bot starting up
[2025-05-28T22:05:46.650Z] [INFO] Bot starting up
[2025-05-28T22:05:46.650Z] [INFO] Bot starting up
[2025-05-28T22:05:50.833Z] [INFO] Bot starting up
[2025-05-28T22:05:55.620Z] [INFO] Bot starting up
[2025-05-28T22:05:55.620Z] [INFO] Bot starting up
[2025-05-28T22:05:57.147Z] [INFO] Bot starting up
[2025-05-28T22:05:57.148Z] [INFO] Bot starting up
[2025-05-28T22:06:01.798Z] [INFO] Bot starting up
[2025-05-28T22:06:06.813Z] [INFO] Bot starting up
[2025-05-28T22:06:06.814Z] [INFO] Bot starting up
[2025-05-28T22:06:08.300Z] [INFO] Bot starting up
[2025-05-28T22:06:08.300Z] [INFO] Bot starting up
[2025-05-28T22:06:12.520Z] [INFO] Bot starting up
[2025-05-28T22:06:17.320Z] [INFO] Bot starting up
[2025-05-28T22:06:17.320Z] [INFO] Bot starting up
[2025-05-28T22:06:18.755Z] [INFO] Bot starting up
[2025-05-28T22:06:18.755Z] [INFO] Bot starting up
[2025-05-28T22:06:23.060Z] [INFO] Bot starting up
[2025-05-28T22:06:28.775Z] [INFO] Bot starting up
[2025-05-28T22:06:28.775Z] [INFO] Bot starting up
[2025-05-28T22:06:29.341Z] [INFO] Bot starting up
[2025-05-28T22:06:29.342Z] [INFO] Bot starting up
[2025-05-28T22:06:33.580Z] [INFO] Bot starting up
[2025-05-28T22:06:39.361Z] [INFO] Bot starting up
[2025-05-28T22:06:39.362Z] [INFO] Bot starting up
[2025-05-28T22:06:40.252Z] [INFO] Bot starting up
[2025-05-28T22:06:40.253Z] [INFO] Bot starting up
[2025-05-28T22:06:44.091Z] [INFO] Bot starting up
[2025-05-28T22:06:49.868Z] [INFO] Bot starting up
[2025-05-28T22:06:49.869Z] [INFO] Bot starting up
[2025-05-28T22:06:51.179Z] [INFO] Bot starting up
[2025-05-28T22:06:51.178Z] [INFO] Bot starting up
[2025-05-28T22:06:54.565Z] [INFO] Bot starting up
[2025-05-28T22:07:00.516Z] [INFO] Bot starting up
[2025-05-28T22:07:00.516Z] [INFO] Bot starting up
[2025-05-28T22:07:02.119Z] [INFO] Bot starting up
[2025-05-28T22:07:02.125Z] [INFO] Bot starting up
[2025-05-28T22:07:04.996Z] [INFO] Bot starting up
[2025-05-28T22:07:10.959Z] [INFO] Bot starting up
[2025-05-28T22:07:10.959Z] [INFO] Bot starting up
[2025-05-28T22:07:12.579Z] [INFO] Bot starting up
[2025-05-28T22:07:12.579Z] [INFO] Bot starting up
[2025-05-28T22:07:15.423Z] [INFO] Bot starting up
[2025-05-28T22:07:22.028Z] [INFO] Bot starting up
[2025-05-28T22:07:22.027Z] [INFO] Bot starting up
[2025-05-28T22:07:23.133Z] [INFO] Bot starting up
[2025-05-28T22:07:23.133Z] [INFO] Bot starting up
[2025-05-28T22:07:25.933Z] [INFO] Bot starting up
[2025-05-28T22:07:32.504Z] [INFO] Bot starting up
[2025-05-28T22:07:32.504Z] [INFO] Bot starting up
[2025-05-28T22:07:33.542Z] [INFO] Bot starting up
[2025-05-28T22:07:33.546Z] [INFO] Bot starting up
[2025-05-28T22:07:36.904Z] [INFO] Bot starting up
[2025-05-28T22:07:42.949Z] [INFO] Bot starting up
[2025-05-28T22:07:42.949Z] [INFO] Bot starting up
[2025-05-28T22:07:43.994Z] [INFO] Bot starting up
[2025-05-28T22:07:43.994Z] [INFO] Bot starting up
[2025-05-28T22:07:47.299Z] [INFO] Bot starting up
[2025-05-28T22:07:53.407Z] [INFO] Bot starting up
[2025-05-28T22:07:53.408Z] [INFO] Bot starting up
[2025-05-28T22:07:54.432Z] [INFO] Bot starting up
[2025-05-28T22:07:54.432Z] [INFO] Bot starting up
[2025-05-28T22:07:57.730Z] [INFO] Bot starting up
[2025-05-28T22:08:06.887Z] [INFO] Bot starting up
[2025-05-28T22:08:06.891Z] [INFO] Bot starting up
[2025-05-28T22:08:06.891Z] [INFO] Bot starting up
[2025-05-28T22:08:06.892Z] [INFO] Bot starting up
[2025-05-28T22:08:08.870Z] [INFO] Bot starting up
[2025-05-28T22:08:21.377Z] [INFO] Bot starting up
[2025-05-28T22:08:21.376Z] [INFO] Bot starting up
[2025-05-28T22:08:21.378Z] [INFO] Bot starting up
[2025-05-28T22:08:21.380Z] [INFO] Bot starting up
[2025-05-28T22:08:21.406Z] [INFO] Bot starting up
[2025-05-28T22:08:32.555Z] [INFO] Bot starting up
[2025-05-28T22:08:32.556Z] [INFO] Bot starting up
[2025-05-28T22:08:32.556Z] [INFO] Bot starting up
[2025-05-28T22:08:32.558Z] [INFO] Bot starting up
[2025-05-28T22:08:32.559Z] [INFO] Bot starting up
[2025-05-28T22:08:43.300Z] [INFO] Bot starting up
[2025-05-28T22:08:43.300Z] [INFO] Bot starting up
[2025-05-28T22:08:43.300Z] [INFO] Bot starting up
[2025-05-28T22:08:43.300Z] [INFO] Bot starting up
[2025-05-28T22:08:43.300Z] [INFO] Bot starting up
[2025-05-28T22:08:54.141Z] [INFO] Bot starting up
[2025-05-28T22:08:54.142Z] [INFO] Bot starting up
[2025-05-28T22:08:54.143Z] [INFO] Bot starting up
[2025-05-28T22:08:54.142Z] [INFO] Bot starting up
[2025-05-28T22:08:54.139Z] [INFO] Bot starting up
[2025-05-28T22:09:07.602Z] [INFO] Bot starting up
[2025-05-28T22:09:07.604Z] [INFO] Bot starting up
[2025-05-28T22:09:07.602Z] [INFO] Bot starting up
[2025-05-28T22:09:07.608Z] [INFO] Bot starting up
[2025-05-28T22:09:07.604Z] [INFO] Bot starting up
[2025-05-28T22:12:01.277Z] [INFO] Bot starting up
[2025-05-28T22:12:01.284Z] [INFO] Bot starting up
[2025-05-28T22:12:01.275Z] [INFO] Bot starting up
[2025-05-28T22:12:01.283Z] [INFO] Bot starting up
[2025-05-28T22:12:01.278Z] [INFO] Bot starting up
[2025-05-28T22:12:20.454Z] [INFO] Bot starting up
[2025-05-28T22:12:20.453Z] [INFO] Bot starting up
[2025-05-28T22:12:20.455Z] [INFO] Bot starting up
[2025-05-28T22:12:20.455Z] [INFO] Bot starting up
[2025-05-28T22:12:20.721Z] [INFO] Bot starting up
[2025-05-29T13:36:57.255Z] [INFO] Bot starting up
[2025-05-29T13:37:07.705Z] [INFO] Bot starting up
[2025-05-29T13:37:18.164Z] [INFO] Bot starting up
[2025-05-29T13:37:21.961Z] [INFO] Bot starting up
[2025-05-29T13:37:32.484Z] [INFO] Bot starting up
[2025-05-29T13:37:42.947Z] [INFO] Bot starting up
[2025-05-29T13:37:53.401Z] [INFO] Bot starting up
[2025-05-29T13:38:04.024Z] [INFO] Bot starting up
[2025-05-29T13:38:14.474Z] [INFO] Bot starting up
[2025-05-29T13:38:24.927Z] [INFO] Bot starting up
[2025-05-29T13:38:35.375Z] [INFO] Bot starting up
[2025-05-29T13:38:45.859Z] [INFO] Bot starting up
[2025-05-29T13:38:56.366Z] [INFO] Bot starting up
[2025-05-29T13:39:06.853Z] [INFO] Bot starting up
[2025-05-29T13:39:17.322Z] [INFO] Bot starting up
[2025-05-29T13:39:21.962Z] [INFO] Bot starting up
[2025-05-29T13:39:27.863Z] [INFO] Bot starting up
[2025-05-29T13:39:32.414Z] [INFO] Bot starting up
[2025-05-29T13:39:38.376Z] [INFO] Bot starting up
[2025-05-29T13:39:42.985Z] [INFO] Bot starting up
[2025-05-29T13:39:48.813Z] [INFO] Bot starting up
[2025-05-29T13:39:53.481Z] [INFO] Bot starting up
[2025-05-29T13:39:59.353Z] [INFO] Bot starting up
[2025-05-29T13:40:04.124Z] [INFO] Bot starting up
[2025-05-29T13:40:09.853Z] [INFO] Bot starting up
[2025-05-29T13:40:14.666Z] [INFO] Bot starting up
[2025-05-29T13:40:20.386Z] [INFO] Bot starting up
[2025-05-29T13:40:25.311Z] [INFO] Bot starting up
[2025-05-29T13:40:31.121Z] [INFO] Bot starting up
[2025-05-29T13:40:35.758Z] [INFO] Bot starting up
[2025-05-29T13:40:41.671Z] [INFO] Bot starting up
[2025-05-29T13:40:46.221Z] [INFO] Bot starting up
[2025-05-29T13:40:52.311Z] [INFO] Bot starting up
[2025-05-29T13:40:56.769Z] [INFO] Bot starting up
[2025-05-29T13:41:02.756Z] [INFO] Bot starting up
[2025-05-29T13:41:07.250Z] [INFO] Bot starting up
[2025-05-29T13:41:13.228Z] [INFO] Bot starting up
[2025-05-29T13:41:17.764Z] [INFO] Bot starting up
[2025-05-29T13:41:21.960Z] [INFO] Bot starting up
[2025-05-29T13:41:23.674Z] [INFO] Bot starting up
[2025-05-29T13:41:28.241Z] [INFO] Bot starting up
[2025-05-29T13:41:32.479Z] [INFO] Bot starting up
[2025-05-29T13:41:34.116Z] [INFO] Bot starting up
[2025-05-29T13:41:38.763Z] [INFO] Bot starting up
[2025-05-29T13:41:43.070Z] [INFO] Bot starting up
[2025-05-29T13:41:44.602Z] [INFO] Bot starting up
[2025-05-29T13:41:46.333Z] [INFO] Bot starting up
[2025-05-29T13:41:56.862Z] [INFO] Bot starting up
[2025-05-29T13:42:07.314Z] [INFO] Bot starting up
[2025-05-29T13:42:17.758Z] [INFO] Bot starting up
[2025-05-29T13:42:28.212Z] [INFO] Bot starting up
[2025-05-29T13:42:38.650Z] [INFO] Bot starting up
[2025-05-29T13:42:49.091Z] [INFO] Bot starting up
[2025-05-29T13:42:59.619Z] [INFO] Bot starting up
[2025-05-29T13:43:10.093Z] [INFO] Bot starting up
[2025-05-29T13:43:20.546Z] [INFO] Bot starting up
[2025-05-29T13:43:31.020Z] [INFO] Bot starting up
[2025-05-29T13:43:33.765Z] [INFO] Bot starting up
[2025-05-29T13:45:33.861Z] [INFO] Bot starting up
[2025-05-29T13:47:33.924Z] [INFO] Bot starting up
[2025-05-29T13:49:34.348Z] [INFO] Bot starting up
[2025-05-29T13:50:13.073Z] [INFO] Bot starting up
[2025-05-29T13:51:38.959Z] [INFO] Bot starting up
[2025-05-29T13:53:39.420Z] [INFO] Bot starting up
[2025-05-29T13:53:48.522Z] [INFO] Starting new trading cycle
[2025-05-29T13:55:38.954Z] [INFO] Bot starting up
[2025-05-29T13:56:18.924Z] [INFO] Starting new trading cycle
[2025-05-29T13:56:23.549Z] [CRITICAL] Trading cycle failed: missing provider (operation="resolveName", code=UNSUPPORTED_OPERATION, version=6.14.3)
[2025-05-29T13:56:23.550Z] [INFO] Bot successfully started
[2025-05-29T13:57:38.973Z] [INFO] Bot starting up
[2025-05-29T13:57:43.468Z] [INFO] Bot starting up
[2025-05-29T13:59:43.381Z] [INFO] Bot starting up
[2025-05-29T14:00:07.484Z] [INFO] Starting new trading cycle
[2025-05-29T14:00:07.498Z] [CRITICAL] Trading cycle failed: provider.resolveName is not a function
[2025-05-29T14:00:07.498Z] [INFO] Bot successfully started
[2025-05-29T14:01:43.346Z] [INFO] Bot starting up
[2025-05-29T14:02:26.417Z] [INFO] Starting new trading cycle
[2025-05-29T14:02:26.427Z] [CRITICAL] Trading cycle failed: provider.resolveName is not a function
[2025-05-29T14:02:26.427Z] [INFO] Bot successfully started
[2025-05-29T14:03:43.540Z] [INFO] Bot starting up
[2025-05-29T14:04:22.124Z] [INFO] Starting new trading cycle
[2025-05-29T14:04:22.134Z] [CRITICAL] Trading cycle failed: provider.resolveName is not a function
[2025-05-29T14:04:22.135Z] [INFO] Bot successfully started
[2025-05-29T14:05:43.363Z] [INFO] Bot starting up
[2025-05-29T14:06:15.788Z] [INFO] Bot starting up
[2025-05-29T14:08:15.353Z] [INFO] Bot starting up
[2025-05-29T14:10:15.376Z] [INFO] Bot starting up
[2025-05-29T14:10:36.750Z] [INFO] Starting new trading cycle
[2025-05-29T14:10:36.880Z] [CRITICAL] Trading cycle failed: server response 401 Unauthorized (request={  }, response={  }, error=null, info={ "requestUrl": "https://avalanche-mainnet.infura.io/v3/undefined", "responseBody": "invalid project id\n", "responseStatus": "401 Unauthorized" }, code=SERVER_ERROR, version=6.14.3)
[2025-05-29T14:10:36.881Z] [INFO] Bot successfully started
[2025-05-29T14:12:15.341Z] [INFO] Bot starting up
[2025-05-29T14:12:44.607Z] [INFO] Bot starting up
[2025-05-29T14:14:44.566Z] [INFO] Bot starting up
[2025-05-29T14:15:21.443Z] [INFO] Starting new trading cycle
[2025-05-29T14:16:44.649Z] [INFO] Bot starting up
[2025-05-29T14:17:32.893Z] [INFO] Starting new trading cycle
[2025-05-29T14:18:07.800Z] [CRITICAL] Trading cycle failed: server response 401 Unauthorized (request={  }, response={  }, error=null, info={ "requestUrl": "https://avalanche-mainnet.infura.io/v3/cce226cfc969f77de1e5522ba9705ca79bb072703178e1c577f3bf2de2587cd7", "responseBody": "invalid project id\n", "responseStatus": "401 Unauthorized" }, code=SERVER_ERROR, version=6.14.3)
[2025-05-29T14:18:07.801Z] [INFO] Bot successfully started
[2025-05-29T14:18:44.668Z] [INFO] Bot starting up
[2025-05-29T14:19:34.875Z] [INFO] Starting new trading cycle
[2025-05-29T14:19:35.038Z] [CRITICAL] Trading cycle failed: server response 401 Unauthorized (request={  }, response={  }, error=null, info={ "requestUrl": "https://avalanche-mainnet.infura.io/v3/cce226cfc969f77de1e5522ba9705ca79bb072703178e1c577f3bf2de2587cd7", "responseBody": "invalid project id\n", "responseStatus": "401 Unauthorized" }, code=SERVER_ERROR, version=6.14.3)
[2025-05-29T14:19:35.039Z] [INFO] Bot successfully started
[2025-05-29T14:19:58.015Z] [INFO] Bot starting up
[2025-05-29T14:22:00.487Z] [INFO] Bot starting up
[2025-05-29T14:24:06.305Z] [INFO] Starting new trading cycle
[2025-05-29T14:24:06.454Z] [CRITICAL] Trading cycle failed: server response 401 Unauthorized (request={  }, response={  }, error=null, info={ "requestUrl": "https://avalanche-mainnet.infura.io/v3/nZm3gvuzZscBnLktmxR0VRz6kvAK4NRqtXEMZKS9EsqjMkNis3vPgA", "responseBody": "invalid project id\n", "responseStatus": "401 Unauthorized" }, code=SERVER_ERROR, version=6.14.3)
[2025-05-29T14:24:06.454Z] [INFO] Bot successfully started
[2025-05-29T14:47:00.662Z] [INFO] Bot starting up
[2025-05-29T14:49:17.165Z] [INFO] Starting new trading cycle
[2025-05-29T14:52:07.713Z] [CRITICAL] Trading cycle failed: server response 401 Unauthorized (request={  }, response={  }, error=null, info={ "requestUrl": "https://avalanche-mainnet.infura.io/v3/nZm3gvuzZscBnLktmxR0VRz6kvAK4NRqtXEMZKS9EsqjMkNis3vPgA", "responseBody": "invalid project id\n", "responseStatus": "401 Unauthorized" }, code=SERVER_ERROR, version=6.14.3)
[2025-05-29T14:52:07.714Z] [INFO] Bot successfully started
[2025-05-29T14:53:32.365Z] [INFO] Bot starting up
[2025-05-29T14:56:17.684Z] [INFO] Starting new trading cycle
[2025-05-29T14:56:17.876Z] [CRITICAL] Trading cycle failed: server response 401 Unauthorized (request={  }, response={  }, error=null, info={ "requestUrl": "https://avalanche-mainnet.infura.io/v3/nZm3gvuzZscBnLktmxR0VRz6kvAK4NRqtXEMZKS9EsqjMkNis3vPgA", "responseBody": "invalid project id\n", "responseStatus": "401 Unauthorized" }, code=SERVER_ERROR, version=6.14.3)
[2025-05-29T14:56:17.878Z] [INFO] Bot successfully started
[2025-05-29T15:08:23.513Z] [INFO] Bot starting up
[2025-05-29T15:10:43.644Z] [INFO] Starting new trading cycle
[2025-05-29T15:13:32.841Z] [CRITICAL] Trading cycle failed: network does not support ENS (operation="getEnsAddress", info={ "network": { "chainId": "43114", "name": "unknown" } }, code=UNSUPPORTED_OPERATION, version=6.14.3)
[2025-05-29T15:13:32.842Z] [INFO] Bot successfully started
[2025-05-29T15:18:56.602Z] [INFO] Bot starting up
[2025-05-29T15:22:57.864Z] [INFO] Starting new trading cycle
[2025-05-29T15:22:58.054Z] [CRITICAL] Trading cycle failed: network does not support ENS (operation="getEnsAddress", info={ "network": { "chainId": "43114", "name": "unknown" } }, code=UNSUPPORTED_OPERATION, version=6.14.3)
[2025-05-29T15:22:58.055Z] [INFO] Bot successfully started
[2025-05-29T15:43:36.655Z] [INFO] Bot starting up
[2025-05-29T15:47:24.714Z] [INFO] Starting new trading cycle
[2025-05-29T15:47:58.258Z] [INFO] Bot starting up
[2025-05-29T15:51:44.007Z] [CRITICAL] Trading cycle failed: Invalid Infura API key configuration
[2025-05-29T15:51:44.007Z] [INFO] Bot successfully started
[2025-05-29T15:53:18.572Z] [INFO] Bot starting up
[2025-05-29T15:57:21.584Z] [INFO] Starting new trading cycle
[2025-05-29T16:01:27.121Z] [CRITICAL] Trading cycle failed: network does not support ENS (operation="getEnsAddress", info={ "network": { "chainId": "43114", "name": "unknown" } }, code=UNSUPPORTED_OPERATION, version=6.14.3)
[2025-05-29T16:01:27.122Z] [INFO] Bot successfully started
[2025-05-29T16:07:20.002Z] [INFO] Bot starting up
[2025-05-29T16:11:11.814Z] [INFO] Starting new trading cycle
[2025-05-29T16:11:11.984Z] [CRITICAL] Trading cycle failed: network does not support ENS (operation="getEnsAddress", info={ "network": { "chainId": "43114", "name": "unknown" } }, code=UNSUPPORTED_OPERATION, version=6.14.3)
[2025-05-29T16:11:11.984Z] [INFO] Bot successfully started
[2025-05-29T16:18:23.524Z] [INFO] Bot starting up
[2025-05-29T16:22:15.320Z] [INFO] Starting new trading cycle
[2025-05-29T16:24:03.884Z] [INFO] Bot starting up
[2025-05-29T16:25:07.586Z] [INFO] Bot starting up
[2025-05-29T16:29:12.534Z] [INFO] Starting new trading cycle
[2025-05-29T16:33:53.415Z] [CRITICAL] Trading cycle failed: network does not support ENS (operation="getEnsAddress", info={ "network": { "chainId": "43114", "name": "unknown" } }, code=UNSUPPORTED_OPERATION, version=6.14.3)
[2025-05-29T16:33:53.416Z] [INFO] Bot successfully started
[2025-05-29T16:40:23.676Z] [INFO] Bot starting up
[2025-05-29T16:48:28.282Z] [INFO] Starting new trading cycle
[2025-05-29T16:48:28.420Z] [CRITICAL] Trading cycle failed: network does not support ENS (operation="getEnsAddress", info={ "network": { "chainId": "43114", "name": "unknown" } }, code=UNSUPPORTED_OPERATION, version=6.14.3)
[2025-05-29T16:48:28.420Z] [INFO] Bot successfully started
[2025-05-29T16:51:49.586Z] [INFO] Bot starting up
[2025-05-29T16:54:02.165Z] [INFO] Bot starting up
[2025-05-29T16:54:02.250Z] [INFO] Starting new trading cycle
[2025-05-29T16:54:02.257Z] [INFO] Trading cycle completed successfully
[2025-05-29T16:54:02.258Z] [INFO] Bot successfully started
[2025-05-29T16:56:14.021Z] [INFO] Bot starting up
[2025-05-29T17:01:47.727Z] [INFO] Bot starting up
[2025-05-29T17:08:06.271Z] [INFO] Bot starting up
[2025-05-29T17:14:47.084Z] [INFO] Bot starting up
[2025-05-29T17:17:55.847Z] [INFO] Bot starting up
[2025-05-29T17:18:51.317Z] [INFO] Bot starting up
[2025-05-29T17:22:28.090Z] [INFO] Bot starting up
[2025-05-29T17:25:27.535Z] [INFO] Bot starting up
[2025-05-29T17:25:30.097Z] [INFO] Bot starting up
[2025-05-29T17:25:40.511Z] [INFO] Bot starting up
[2025-05-29T17:25:51.130Z] [INFO] Bot starting up
[2025-05-29T17:26:01.610Z] [INFO] Bot starting up
[2025-05-29T17:26:12.178Z] [INFO] Bot starting up
[2025-05-29T17:26:22.615Z] [INFO] Bot starting up
[2025-05-29T17:26:30.950Z] [INFO] Bot starting up
[2025-05-29T17:32:44.657Z] [INFO] Bot starting up
[2025-05-29T17:38:30.717Z] [INFO] Bot starting up
[2025-05-29T17:54:42.959Z] [INFO] Bot starting up
[2025-05-29T18:58:21.926Z] [INFO] Bot starting up
[2025-05-29T18:58:26.280Z] [INFO] Bot starting up
[2025-05-29T19:16:41.471Z] [INFO] Starting new trading cycle
[2025-05-29T19:26:41.473Z] [CRITICAL] Trading cycle failed: Trading cycle timeout
[2025-05-29T19:26:41.474Z] [INFO] Bot successfully started
[2025-05-29T19:27:21.845Z] [CRITICAL] Trading cycle failed: Assignment to constant variable.
[2025-05-29T19:52:36.070Z] [INFO] Bot starting up
[2025-05-29T20:12:27.846Z] [INFO] Starting new trading cycle
[2025-05-29T20:13:02.390Z] [INFO] Bot starting up
[2025-05-29T20:17:34.323Z] [INFO] Bot starting up
[2025-05-29T20:32:20.104Z] [INFO] Bot starting up
[2025-05-29T21:15:13.287Z] [INFO] Bot starting up
[2025-05-29T21:15:22.652Z] [INFO] Bot starting up
[2025-05-29T21:15:32.955Z] [INFO] Bot starting up
[2025-05-29T21:15:43.294Z] [INFO] Bot starting up
[2025-05-29T21:15:53.577Z] [INFO] Bot starting up
[2025-05-29T21:16:03.851Z] [INFO] Bot starting up
[2025-05-29T21:16:14.140Z] [INFO] Bot starting up
[2025-05-29T21:16:24.418Z] [INFO] Bot starting up
[2025-05-29T21:16:34.707Z] [INFO] Bot starting up
[2025-05-29T21:16:45.036Z] [INFO] Bot starting up
[2025-05-29T21:16:55.437Z] [INFO] Bot starting up
[2025-05-29T21:17:05.744Z] [INFO] Bot starting up
[2025-05-29T21:17:16.045Z] [INFO] Bot starting up
[2025-05-29T21:17:26.326Z] [INFO] Bot starting up
[2025-05-29T21:17:36.626Z] [INFO] Bot starting up
[2025-05-29T21:17:46.947Z] [INFO] Bot starting up
[2025-05-29T21:17:57.215Z] [INFO] Bot starting up
[2025-05-29T21:18:07.502Z] [INFO] Bot starting up
[2025-05-29T21:18:18.086Z] [INFO] Bot starting up
[2025-05-29T21:18:24.122Z] [INFO] Bot starting up
[2025-05-29T21:32:06.136Z] [INFO] Bot starting up
[2025-05-29T21:41:40.825Z] [INFO] Bot starting up
[2025-05-29T21:58:26.846Z] [INFO] Bot starting up
[2025-05-29T22:16:06.941Z] [INFO] Bot starting up
[2025-05-29T22:56:18.350Z] [INFO] Starting new trading cycle
[2025-05-29T23:03:51.783Z] [INFO] Bot starting up
[2025-05-30T10:43:54.684Z] [INFO] Bot starting up
[2025-05-30T10:49:40.661Z] [INFO] Bot starting up
[2025-05-30T11:11:00.853Z] [INFO] Bot starting up
[2025-05-30T11:26:17.630Z] [INFO] Bot starting up
[2025-05-30T11:29:25.847Z] [INFO] Bot starting up
[2025-05-30T11:49:42.104Z] [INFO] Bot starting up
[2025-05-30T12:47:56.746Z] [INFO] Starting new trading cycle
[2025-05-30T12:48:37.211Z] [INFO] Bot starting up
[2025-05-30T13:04:14.768Z] [INFO] Bot starting up
[2025-05-30T13:04:14.774Z] [INFO] Bot starting up
[2025-05-30T13:16:10.911Z] [INFO] Bot starting up
[2025-05-30T13:29:53.475Z] [INFO] Bot starting up
[2025-05-30T13:29:53.553Z] [INFO] Bot starting up
[2025-05-30T13:31:14.992Z] [INFO] Bot starting up
[2025-05-30T13:52:41.202Z] [INFO] Bot starting up
[2025-05-30T15:23:28.255Z] [INFO] Bot starting up
[2025-05-30T15:35:06.523Z] [INFO] Bot starting up
[2025-05-30T15:48:02.862Z] [INFO] Bot starting up
[2025-05-30T16:44:40.179Z] [INFO] Starting new trading cycle
[2025-05-30T17:14:09.829Z] [INFO] Bot starting up
[2025-05-30T17:36:33.041Z] [INFO] Bot starting up
[2025-05-31T19:33:29.491Z] [INFO] Bot starting up
[2025-05-31T19:34:22.025Z] [INFO] Bot starting up
[2025-05-31T19:34:22.087Z] [INFO] Bot starting up
[2025-05-31T19:35:29.606Z] [INFO] Bot starting up
[2025-06-01T02:03:51.150Z] [INFO] Bot starting up
[2025-06-01T02:06:45.576Z] [INFO] Bot starting up
[2025-06-01T02:13:15.931Z] [INFO] Bot starting up
[2025-06-01T02:16:36.297Z] [INFO] Bot starting up
[2025-06-01T06:48:22.033Z] [INFO] Bot starting up
[2025-06-01T06:50:14.532Z] [INFO] Bot starting up
[2025-06-01T11:10:20.064Z] [INFO] Bot starting up
[2025-06-01T11:10:28.624Z] [INFO] Bot starting up
[2025-06-01T12:07:59.351Z] [INFO] Starting new trading cycle
[2025-06-01T12:08:29.365Z] [INFO] Starting new trading cycle
[2025-06-01T12:37:59.359Z] [CRITICAL] Trading cycle failed: Trading cycle timeout
[2025-06-01T12:37:59.359Z] [INFO] Bot successfully started
[2025-06-01T12:48:59.382Z] [INFO] Bot starting up
[2025-06-01T12:55:51.324Z] [INFO] Bot starting up
[2025-06-01T13:23:32.296Z] [INFO] Bot starting up
[2025-06-01T13:32:18.091Z] [INFO] Bot starting up
[2025-06-02T23:08:05.958Z] [INFO] Bot starting up
[2025-06-02T23:09:50.157Z] [INFO] Bot starting up
[2025-06-02T23:13:59.404Z] [INFO] Bot starting up
[2025-06-02T23:29:02.443Z] [INFO] Bot starting up
[2025-06-02T23:40:21.261Z] [INFO] Bot starting up
[2025-06-03T08:12:08.993Z] [INFO] Bot starting up
[2025-06-03T08:12:11.059Z] [INFO] Bot starting up
[2025-06-03T08:13:10.717Z] [INFO] Bot starting up
[2025-06-03T08:14:03.678Z] [INFO] Bot starting up
[2025-06-03T08:14:58.240Z] [INFO] Bot starting up
[2025-06-03T08:18:52.144Z] [INFO] Bot starting up
[2025-06-03T08:19:21.602Z] [INFO] Bot starting up
[2025-06-03T08:20:10.943Z] [INFO] Bot starting up
[2025-06-03T08:20:19.171Z] [INFO] Bot starting up
[2025-06-03T08:21:11.517Z] [INFO] Bot starting up
[2025-06-03T08:22:10.381Z] [INFO] Bot starting up
[2025-06-03T08:35:01.512Z] [INFO] Bot starting up
[2025-06-03T08:57:38.586Z] [INFO] Bot starting up
[2025-06-03T09:04:32.539Z] [INFO] Bot starting up
[2025-06-03T09:14:37.931Z] [INFO] Bot starting up
[2025-06-03T09:26:34.390Z] [INFO] Bot starting up
[2025-06-03T09:27:55.751Z] [INFO] Bot starting up
[2025-06-03T09:28:58.740Z] [INFO] Bot starting up
[2025-06-03T09:37:36.768Z] [INFO] Bot starting up
[2025-06-03T09:38:31.786Z] [INFO] Bot starting up
[2025-06-03T09:43:53.751Z] [INFO] Bot starting up
[2025-06-03T09:57:54.702Z] [INFO] Bot starting up
[2025-06-03T09:57:59.858Z] [INFO] Bot starting up
[2025-06-03T13:12:03.290Z] [INFO] Bot starting up
[2025-06-03T13:24:19.358Z] [INFO] Bot starting up
[2025-06-03T13:39:25.384Z] [INFO] Bot starting up
[2025-06-03T16:02:04.608Z] [INFO] Bot starting up
[2025-06-03T16:51:47.291Z] [INFO] Bot starting up
[2025-06-03T17:12:30.090Z] [INFO] Bot starting up
[2025-06-03T17:35:30.205Z] [INFO] Bot starting up
[2025-06-04T04:25:41.401Z] [INFO] Bot starting up
[2025-06-04T04:32:13.349Z] [INFO] Bot starting up
[2025-06-04T04:35:30.444Z] [INFO] Bot starting up
[2025-06-04T04:35:36.569Z] [INFO] Bot starting up
[2025-06-04T04:58:38.362Z] [INFO] Bot starting up
[2025-06-04T07:14:34.121Z] [INFO] Bot starting up
[2025-06-04T07:14:39.877Z] [INFO] Bot starting up
[2025-06-04T22:36:44.969Z] [INFO] Bot starting up
[2025-06-04T22:38:55.400Z] [INFO] Bot starting up
[2025-06-05T07:55:24.264Z] [INFO] Bot starting up
[2025-06-05T08:13:31.313Z] [INFO] Bot starting up
[2025-06-05T08:34:10.229Z] [INFO] Bot starting up
[2025-06-05T11:00:58.213Z] [INFO] Bot starting up
[2025-06-06T14:49:45.409Z] [INFO] Bot starting up
