[2025-05-29T14:21:58.087Z] [INFO] Bot starting up
[2025-05-29T14:24:00.564Z] [INFO] Bot starting up
[2025-05-29T14:26:22.716Z] [INFO] Starting new trading cycle
[2025-05-29T14:29:13.413Z] [CRITICAL] Trading cycle failed: server response 401 Unauthorized (request={  }, response={  }, error=null, info={ "requestUrl": "https://avalanche-mainnet.infura.io/v3/nZm3gvuzZscBnLktmxR0VRz6kvAK4NRqtXEMZKS9EsqjMkNis3vPgA", "responseBody": "invalid project id\n", "responseStatus": "401 Unauthorized" }, code=SERVER_ERROR, version=6.14.3)
[2025-05-29T14:29:13.413Z] [INFO] Bot successfully started
[2025-05-29T14:49:00.008Z] [INFO] Bot starting up
[2025-05-29T14:51:39.735Z] [INFO] Starting new trading cycle
[2025-05-29T14:55:33.238Z] [INFO] Bot starting up
[2025-05-29T14:58:15.740Z] [INFO] Starting new trading cycle
[2025-05-29T15:01:17.555Z] [CRITICAL] Trading cycle failed: server response 401 Unauthorized (request={  }, response={  }, error=null, info={ "requestUrl": "https://avalanche-mainnet.infura.io/v3/nZm3gvuzZscBnLktmxR0VRz6kvAK4NRqtXEMZKS9EsqjMkNis3vPgA", "responseBody": "invalid project id\n", "responseStatus": "401 Unauthorized" }, code=SERVER_ERROR, version=6.14.3)
[2025-05-29T15:01:17.556Z] [INFO] Bot successfully started
[2025-05-29T15:10:23.227Z] [INFO] Bot starting up
[2025-05-29T15:13:17.591Z] [INFO] Starting new trading cycle
[2025-05-29T15:13:17.760Z] [CRITICAL] Trading cycle failed: network does not support ENS (operation="getEnsAddress", info={ "network": { "chainId": "43114", "name": "unknown" } }, code=UNSUPPORTED_OPERATION, version=6.14.3)
[2025-05-29T15:13:17.760Z] [INFO] Bot successfully started
[2025-05-29T15:20:56.273Z] [INFO] Bot starting up
[2025-05-29T15:25:23.030Z] [INFO] Starting new trading cycle
[2025-05-29T15:30:22.625Z] [CRITICAL] Trading cycle failed: network does not support ENS (operation="getEnsAddress", info={ "network": { "chainId": "43114", "name": "unknown" } }, code=UNSUPPORTED_OPERATION, version=6.14.3)
[2025-05-29T15:30:22.625Z] [INFO] Bot successfully started
[2025-05-29T15:45:35.802Z] [INFO] Bot starting up
[2025-05-29T15:49:59.086Z] [INFO] Bot starting up
[2025-05-29T15:55:18.542Z] [INFO] Bot starting up
[2025-05-29T15:59:16.022Z] [INFO] Starting new trading cycle
[2025-05-29T16:04:06.685Z] [CRITICAL] Trading cycle failed: network does not support ENS (operation="getEnsAddress", info={ "network": { "chainId": "43114", "name": "unknown" } }, code=UNSUPPORTED_OPERATION, version=6.14.3)
[2025-05-29T16:04:06.685Z] [INFO] Bot successfully started
[2025-05-29T16:09:20.168Z] [INFO] Bot starting up
[2025-05-29T16:13:31.943Z] [INFO] Starting new trading cycle
[2025-05-29T16:13:32.211Z] [CRITICAL] Trading cycle failed: network does not support ENS (operation="getEnsAddress", info={ "network": { "chainId": "43114", "name": "unknown" } }, code=UNSUPPORTED_OPERATION, version=6.14.3)
[2025-05-29T16:13:32.211Z] [INFO] Bot successfully started
[2025-05-29T16:20:23.505Z] [INFO] Bot starting up
[2025-05-29T16:27:07.562Z] [INFO] Bot starting up
[2025-05-29T16:31:39.416Z] [INFO] Starting new trading cycle
[2025-05-29T16:36:09.122Z] [CRITICAL] Trading cycle failed: network does not support ENS (operation="getEnsAddress", info={ "network": { "chainId": "43114", "name": "unknown" } }, code=UNSUPPORTED_OPERATION, version=6.14.3)
[2025-05-29T16:36:09.123Z] [INFO] Bot successfully started
[2025-05-29T16:42:23.678Z] [INFO] Bot starting up
[2025-05-29T16:49:50.604Z] [INFO] Starting new trading cycle
[2025-05-29T16:49:50.776Z] [CRITICAL] Trading cycle failed: network does not support ENS (operation="getEnsAddress", info={ "network": { "chainId": "43114", "name": "unknown" } }, code=UNSUPPORTED_OPERATION, version=6.14.3)
[2025-05-29T16:49:50.776Z] [INFO] Bot successfully started
[2025-05-29T16:53:49.425Z] [INFO] Bot starting up
[2025-05-29T16:56:02.230Z] [INFO] Bot starting up
[2025-05-29T16:56:02.315Z] [INFO] Starting new trading cycle
[2025-05-29T16:56:02.323Z] [INFO] Trading cycle completed successfully
[2025-05-29T16:56:02.323Z] [INFO] Bot successfully started
[2025-05-29T16:58:14.124Z] [INFO] Bot starting up
[2025-05-29T17:03:47.634Z] [INFO] Bot starting up
[2025-05-29T17:10:06.317Z] [INFO] Bot starting up
[2025-05-29T17:16:47.066Z] [INFO] Bot starting up
[2025-05-29T17:20:51.398Z] [INFO] Bot starting up
[2025-05-29T17:28:30.927Z] [INFO] Bot starting up
[2025-05-29T17:34:44.603Z] [INFO] Bot starting up
[2025-05-29T17:40:30.745Z] [INFO] Bot starting up
[2025-05-29T17:56:42.930Z] [INFO] Bot starting up
[2025-05-29T18:58:18.608Z] [INFO] Bot starting up
[2025-05-29T19:00:26.411Z] [INFO] Bot starting up
[2025-05-29T19:54:35.446Z] [INFO] Bot starting up
[2025-05-29T20:15:01.837Z] [INFO] Bot starting up
[2025-05-29T20:19:34.465Z] [INFO] Bot starting up
[2025-05-29T20:34:20.102Z] [INFO] Bot starting up
[2025-05-29T21:15:10.043Z] [INFO] Bot starting up
[2025-05-29T21:17:22.646Z] [INFO] Bot starting up
[2025-05-29T21:17:32.935Z] [INFO] Bot starting up
[2025-05-29T21:17:43.221Z] [INFO] Bot starting up
[2025-05-29T21:17:53.486Z] [INFO] Bot starting up
[2025-05-29T21:18:03.797Z] [INFO] Bot starting up
[2025-05-29T21:18:14.267Z] [INFO] Bot starting up
[2025-05-29T21:20:24.280Z] [INFO] Bot starting up
[2025-05-29T21:34:06.163Z] [INFO] Bot starting up
[2025-05-29T21:43:40.804Z] [INFO] Bot starting up
[2025-05-29T22:00:26.890Z] [INFO] Bot starting up
[2025-05-29T22:18:05.800Z] [INFO] Bot starting up
[2025-05-30T10:45:54.058Z] [INFO] Bot starting up
[2025-05-30T10:51:40.771Z] [INFO] Bot starting up
[2025-05-30T11:13:01.043Z] [INFO] Bot starting up
[2025-05-30T11:28:17.644Z] [INFO] Bot starting up
[2025-05-30T11:31:25.986Z] [INFO] Bot starting up
[2025-05-30T11:51:42.433Z] [INFO] Bot starting up
[2025-05-30T12:48:51.155Z] [INFO] Starting new trading cycle
[2025-05-30T12:49:31.617Z] [INFO] Bot starting up
[2025-05-30T13:06:14.585Z] [INFO] Bot starting up
[2025-05-30T13:06:14.586Z] [INFO] Bot starting up
[2025-05-30T13:18:11.014Z] [INFO] Bot starting up
[2025-05-30T13:33:15.030Z] [INFO] Bot starting up
[2025-05-30T13:54:41.035Z] [INFO] Bot starting up
[2025-05-30T15:25:27.436Z] [INFO] Bot starting up
[2025-05-30T15:50:03.004Z] [INFO] Bot starting up
[2025-05-30T16:47:37.596Z] [INFO] Starting new trading cycle
[2025-05-30T17:16:09.146Z] [INFO] Bot starting up
[2025-05-30T17:38:33.040Z] [INFO] Bot starting up
[2025-05-31T19:37:29.510Z] [INFO] Bot starting up
[2025-06-01T02:05:47.505Z] [INFO] Bot starting up
[2025-06-01T02:08:45.520Z] [INFO] Bot starting up
[2025-06-01T02:15:15.916Z] [INFO] Bot starting up
[2025-06-01T02:18:36.469Z] [INFO] Bot starting up
[2025-06-01T06:52:14.643Z] [INFO] Bot starting up
[2025-06-01T11:12:28.769Z] [INFO] Bot starting up
[2025-06-01T12:13:00.193Z] [INFO] Starting new trading cycle
[2025-06-01T12:13:30.208Z] [INFO] Starting new trading cycle
[2025-06-01T12:43:00.203Z] [CRITICAL] Trading cycle failed: Trading cycle timeout
[2025-06-01T12:43:00.203Z] [INFO] Bot successfully started
[2025-06-01T12:50:59.006Z] [INFO] Bot starting up
[2025-06-01T12:57:51.660Z] [INFO] Bot starting up
[2025-06-01T13:25:32.339Z] [INFO] Bot starting up
[2025-06-01T13:34:18.222Z] [INFO] Bot starting up
[2025-06-02T23:11:50.083Z] [INFO] Bot starting up
[2025-06-02T23:15:59.830Z] [INFO] Bot starting up
[2025-06-02T23:31:02.048Z] [INFO] Bot starting up
[2025-06-02T23:42:21.294Z] [INFO] Bot starting up
[2025-06-03T08:16:58.304Z] [INFO] Bot starting up
[2025-06-03T08:24:10.437Z] [INFO] Bot starting up
[2025-06-03T08:38:01.512Z] [INFO] Bot starting up
[2025-06-03T09:00:38.654Z] [INFO] Bot starting up
[2025-06-03T09:07:32.613Z] [INFO] Bot starting up
[2025-06-03T09:17:38.013Z] [INFO] Bot starting up
[2025-06-03T09:43:31.938Z] [INFO] Bot starting up
[2025-06-03T10:01:59.930Z] [INFO] Bot starting up
[2025-06-03T13:16:02.323Z] [INFO] Bot starting up
[2025-06-03T13:30:20.058Z] [INFO] Bot starting up
[2025-06-03T13:45:25.423Z] [INFO] Bot starting up
[2025-06-03T16:08:04.615Z] [INFO] Bot starting up
[2025-06-03T16:57:47.327Z] [INFO] Bot starting up
[2025-06-03T17:18:30.353Z] [INFO] Bot starting up
[2025-06-03T17:41:30.197Z] [INFO] Bot starting up
[2025-06-04T04:31:40.035Z] [INFO] Bot starting up
[2025-06-04T04:41:36.688Z] [INFO] Bot starting up
[2025-06-04T05:04:38.460Z] [INFO] Bot starting up
[2025-06-04T07:20:40.020Z] [INFO] Bot starting up
[2025-06-04T22:42:44.350Z] [INFO] Bot starting up
[2025-06-04T22:44:55.447Z] [INFO] Bot starting up
[2025-06-05T08:01:24.131Z] [INFO] Bot starting up
[2025-06-05T08:19:31.009Z] [INFO] Bot starting up
[2025-06-05T08:40:10.223Z] [INFO] Bot starting up
[2025-06-05T11:06:57.172Z] [INFO] Bot starting up
[2025-06-06T14:55:43.588Z] [INFO] Bot starting up
