[2025-05-29T14:30:00.388Z] [INFO] Bot starting up
[2025-05-29T14:32:47.449Z] [INFO] Starting new trading cycle
[2025-05-29T14:35:05.671Z] [CRITICAL] Trading cycle failed: server response 401 Unauthorized (request={  }, response={  }, error=null, info={ "requestUrl": "https://avalanche-mainnet.infura.io/v3/nZm3gvuzZscBnLktmxR0VRz6kvAK4NRqtXEMZKS9EsqjMkNis3vPgA", "responseBody": "invalid project id\n", "responseStatus": "401 Unauthorized" }, code=SERVER_ERROR, version=6.14.3)
[2025-05-29T14:35:05.671Z] [INFO] Bot successfully started
[2025-05-29T15:01:33.094Z] [INFO] Bot starting up
[2025-05-29T15:04:18.235Z] [INFO] Starting new trading cycle
[2025-05-29T15:06:52.698Z] [CRITICAL] Trading cycle failed: server response 401 Unauthorized (request={  }, response={  }, error=null, info={ "requestUrl": "https://avalanche-mainnet.infura.io/v3/nZm3gvuzZscBnLktmxR0VRz6kvAK4NRqtXEMZKS9EsqjMkNis3vPgA", "responseBody": "invalid project id\n", "responseStatus": "401 Unauthorized" }, code=SERVER_ERROR, version=6.14.3)
[2025-05-29T15:06:52.698Z] [INFO] Bot successfully started
[2025-05-29T15:16:23.235Z] [INFO] Bot starting up
[2025-05-29T15:26:56.277Z] [INFO] Bot starting up
[2025-05-29T15:31:36.851Z] [INFO] Starting new trading cycle
[2025-05-29T15:35:17.953Z] [CRITICAL] Trading cycle failed: network does not support ENS (operation="getEnsAddress", info={ "network": { "chainId": "43114", "name": "unknown" } }, code=UNSUPPORTED_OPERATION, version=6.14.3)
[2025-05-29T15:35:17.954Z] [INFO] Bot successfully started
[2025-05-29T16:01:17.914Z] [INFO] Bot starting up
[2025-05-29T16:05:40.013Z] [INFO] Starting new trading cycle
[2025-05-29T16:15:19.971Z] [INFO] Bot starting up
[2025-05-29T16:33:07.908Z] [INFO] Bot starting up
[2025-05-29T16:37:52.611Z] [INFO] Starting new trading cycle
[2025-05-29T16:48:23.604Z] [INFO] Bot starting up
[2025-05-29T17:46:30.684Z] [INFO] Bot starting up
[2025-05-29T18:02:42.972Z] [INFO] Bot starting up
[2025-05-29T18:20:01.467Z] [INFO] Starting new trading cycle
[2025-05-29T18:29:39.841Z] [CRITICAL] Trading cycle failed: tokens is not defined
[2025-05-29T18:29:39.841Z] [INFO] Bot successfully started
[2025-05-29T19:06:26.286Z] [INFO] Bot starting up
[2025-05-29T20:00:35.436Z] [INFO] Bot starting up
[2025-05-29T20:25:34.318Z] [INFO] Bot starting up
[2025-05-29T20:40:20.092Z] [INFO] Bot starting up
[2025-05-29T21:26:24.224Z] [INFO] Bot starting up
[2025-05-29T21:40:06.115Z] [INFO] Bot starting up
[2025-05-29T21:49:40.783Z] [INFO] Bot starting up
[2025-05-29T22:06:26.092Z] [INFO] Bot starting up
[2025-05-29T22:24:05.847Z] [INFO] Bot starting up
[2025-05-30T10:57:40.696Z] [INFO] Bot starting up
[2025-05-30T11:19:01.080Z] [INFO] Bot starting up
[2025-05-30T11:37:25.982Z] [INFO] Bot starting up
[2025-05-30T11:57:42.046Z] [INFO] Bot starting up
[2025-05-30T12:55:37.901Z] [INFO] Starting new trading cycle
[2025-05-30T12:56:18.368Z] [INFO] Bot starting up
[2025-05-30T13:12:14.307Z] [INFO] Bot starting up
[2025-05-30T13:12:14.312Z] [INFO] Bot starting up
[2025-05-30T13:24:10.828Z] [INFO] Bot starting up
[2025-05-30T13:39:15.110Z] [INFO] Bot starting up
[2025-05-30T14:00:41.029Z] [INFO] Bot starting up
[2025-05-30T15:31:27.333Z] [INFO] Bot starting up
[2025-05-30T15:56:02.926Z] [INFO] Bot starting up
[2025-05-30T16:54:10.797Z] [INFO] Starting new trading cycle
[2025-05-30T17:22:09.191Z] [INFO] Bot starting up
[2025-05-30T17:44:33.117Z] [INFO] Bot starting up
[2025-05-31T19:43:30.014Z] [INFO] Bot starting up
[2025-06-01T02:24:36.121Z] [INFO] Bot starting up
[2025-06-01T06:58:14.564Z] [INFO] Bot starting up
[2025-06-01T11:18:28.671Z] [INFO] Bot starting up
[2025-06-01T12:18:07.479Z] [INFO] Starting new trading cycle
[2025-06-01T12:18:37.488Z] [INFO] Starting new trading cycle
[2025-06-01T12:48:07.483Z] [CRITICAL] Trading cycle failed: Trading cycle timeout
[2025-06-01T12:48:07.484Z] [INFO] Bot successfully started
[2025-06-01T13:03:51.669Z] [INFO] Bot starting up
[2025-06-01T13:31:32.413Z] [INFO] Bot starting up
[2025-06-01T13:40:18.266Z] [INFO] Bot starting up
[2025-06-02T23:21:59.485Z] [INFO] Bot starting up
[2025-06-02T23:37:01.820Z] [INFO] Bot starting up
[2025-06-02T23:48:21.453Z] [INFO] Bot starting up
[2025-06-03T08:30:10.563Z] [INFO] Bot starting up
[2025-06-03T08:47:01.595Z] [INFO] Bot starting up
[2025-06-03T10:13:59.881Z] [INFO] Bot starting up
[2025-06-03T14:03:26.386Z] [INFO] Bot starting up
[2025-06-03T16:26:03.885Z] [INFO] Bot starting up
